[26Jun2025 00:15:08.156] [Server thread/INFO] [net.minecraft.server.MinecraftServer/]: [Not Secure] <JhonxMax> a
[26Jun2025 00:19:17.734] [Server thread/INFO] [net.minecraft.server.MinecraftServer/]: [Not Secure] <JhonxMax> a
[26Jun2025 00:19:21.109] [Server thread/INFO] [net.minecraft.server.MinecraftServer/]: [Not Secure] * Server a
[26Jun2025 00:30:12.107] [Server thread/INFO] [net.minecraft.server.MinecraftServer/]: JhonxMax has made the advancement [Blood Bank]
[26Jun2025 00:46:29.361] [Server thread/INFO] [de.teamlapen.vampirism.blockentity.TotemBlockEntity/]: Failed to spawn capture creature
[26Jun2025 00:46:31.366] [Server thread/INFO] [de.teamlapen.vampirism.blockentity.TotemBlockEntity/]: Failed to spawn capture creature
[26Jun2025 00:46:33.363] [Server thread/INFO] [de.teamlapen.vampirism.blockentity.TotemBlockEntity/]: Failed to spawn capture creature
[26Jun2025 00:46:35.364] [Server thread/INFO] [de.teamlapen.vampirism.blockentity.TotemBlockEntity/]: Failed to spawn capture creature
[26Jun2025 00:46:37.365] [Server thread/INFO] [de.teamlapen.vampirism.blockentity.TotemBlockEntity/]: Failed to spawn capture creature
[26Jun2025 00:57:01.442] [Server thread/INFO] [net.minecraft.server.MinecraftServer/]: [JhonxMax: Killed 2 entities]
[26Jun2025 00:58:13.715] [Server thread/INFO] [net.minecraft.server.MinecraftServer/]: After JhonxMax fell from a high place, they gave up
[26Jun2025 00:58:52.006] [Server thread/INFO] [net.minecraft.server.MinecraftServer/]: [Not Secure] <JhonxMax> asd
[26Jun2025 00:58:56.009] [Server thread/INFO] [net.minecraft.server.MinecraftServer/]: [Not Secure] * Server a
[26Jun2025 01:00:07.455] [Server thread/ERROR] [noobanidus.mods.lootr.api.LootrAPI/]: Unable to fill loot chest in minecraft:overworld at BlockPos{x=-1120, y=94, z=3448} as the loot table 'ati_structures:chests/archer_chest' couldn't be resolved! Please search the loot table in `latest.log` to see if there are errors in loading.
[26Jun2025 01:00:12.290] [Server thread/INFO] [net.minecraft.server.MinecraftServer/]: [Not Secure] <JhonxMax> a
[26Jun2025 01:06:27.019] [Server thread/INFO] [net.minecraft.server.MinecraftServer/]: JhonxMax has reached the goal [Half a flight]
[26Jun2025 01:09:15.427] [Server thread/INFO] [net.minecraft.server.MinecraftServer/]: [Not Secure] <JhonxMax> a
[26Jun2025 01:09:26.762] [Server thread/INFO] [net.minecraft.server.MinecraftServer/]: [Not Secure] <JhonxMax> a
[26Jun2025 01:09:27.940] [Server thread/INFO] [net.minecraft.server.MinecraftServer/]: [Not Secure] <JhonxMax> a
[26Jun2025 01:10:18.591] [Server thread/INFO] [net.minecraft.server.MinecraftServer/]: [Not Secure] <JhonxMax> a
[26Jun2025 01:10:25.821] [Server thread/INFO] [net.minecraft.server.MinecraftServer/]: [Not Secure] <JhonxMax> asdadsad
[26Jun2025 01:10:30.210] [Server thread/INFO] [net.minecraft.server.MinecraftServer/]: [Not Secure] * Server a
[26Jun2025 01:12:18.210] [Server thread/INFO] [net.minecraft.server.MinecraftServer/]: [JhonxMax: Set own game mode to Spectator Mode]
[26Jun2025 01:12:27.709] [Server thread/INFO] [net.minecraft.server.MinecraftServer/]: [JhonxMax: Set own game mode to Survival Mode]
[26Jun2025 01:13:58.112] [Server thread/INFO] [net.minecraft.server.MinecraftServer/]: [Not Secure] <JhonxMax> a
[26Jun2025 01:14:02.890] [Server thread/INFO] [net.minecraft.server.MinecraftServer/]: [Not Secure] * JhonxMax PUTO INTERNET
[26Jun2025 01:14:27.787] [Server thread/INFO] [net.minecraft.server.MinecraftServer/]: [Not Secure] <JhonxMax> asda
[26Jun2025 01:14:45.909] [Server thread/INFO] [net.minecraft.server.network.ServerGamePacketListenerImpl/]: JhonxMax lost connection: Timed out
[26Jun2025 01:14:45.910] [Server thread/INFO] [net.minecraft.server.MinecraftServer/]: JhonxMax left the game
[26Jun2025 01:14:45.910] [Server thread/INFO] [net.minecraft.server.MinecraftServer/]: JhonxMax was slain by Vampire Hunter
[26Jun2025 01:14:45.921] [Server thread/INFO] [me.edoren.skin_changer.server.SkinProviderController/]: Removing session data for player JhonxMax[1966eafa-2b32-3407-a5ab-3f25d94eec4a]
[26Jun2025 01:14:45.921] [Server thread/INFO] [voicechat/]: [voicechat] Disconnecting client JhonxMax
[26Jun2025 01:14:45.980] [Server thread/WARN] [net.minecraft.network.Connection/]: handleDisconnection() called twice
[26Jun2025 01:14:52.948] [Server thread/INFO] [net.minecraft.server.MinecraftServer/]: [Not Secure] * Server puta madre
[26Jun2025 01:14:55.147] [Server thread/INFO] [net.minecraft.server.MinecraftServer/]: Stopping the server
[26Jun2025 01:14:55.194] [Server thread/INFO] [atomicstryker.multimine.common.MultiMine/]: MultiMine ServerStoppingEvent
[26Jun2025 01:14:55.204] [Server thread/INFO] [net.minecraft.server.MinecraftServer/]: Stopping server
[26Jun2025 01:14:55.204] [Server thread/INFO] [net.minecraft.server.MinecraftServer/]: Saving players
[26Jun2025 01:14:55.205] [Server thread/INFO] [net.minecraft.server.MinecraftServer/]: Saving worlds
[26Jun2025 01:14:55.313] [Server thread/INFO] [net.minecraft.server.MinecraftServer/]: Saving chunks for level 'ServerLevel[world]'/minecraft:overworld
[26Jun2025 01:14:55.493] [Server thread/INFO] [net.minecraft.server.MinecraftServer/]: Saving chunks for level 'ServerLevel[world]'/minecraft:the_end
[26Jun2025 01:14:55.494] [Server thread/INFO] [net.minecraft.server.MinecraftServer/]: Saving chunks for level 'ServerLevel[world]'/the_bumblezone:the_bumblezone
[26Jun2025 01:14:55.494] [Server thread/INFO] [net.minecraft.server.MinecraftServer/]: Saving chunks for level 'ServerLevel[world]'/twilightforest:twilight_forest
[26Jun2025 01:14:55.495] [Server thread/INFO] [net.minecraft.server.MinecraftServer/]: Saving chunks for level 'ServerLevel[world]'/minecraft:the_nether
[26Jun2025 01:14:55.495] [Server thread/INFO] [net.minecraft.server.MinecraftServer/]: Saving chunks for level 'ServerLevel[world]'/ae2:spatial_storage
[26Jun2025 01:14:55.554] [Server thread/INFO] [net.minecraft.server.MinecraftServer/]: ThreadedAnvilChunkStorage (world): All chunks are saved
[26Jun2025 01:14:55.555] [Server thread/INFO] [net.minecraft.server.MinecraftServer/]: ThreadedAnvilChunkStorage (DIM1): All chunks are saved
[26Jun2025 01:14:55.555] [Server thread/INFO] [net.minecraft.server.MinecraftServer/]: ThreadedAnvilChunkStorage (the_bumblezone): All chunks are saved
[26Jun2025 01:14:55.555] [Server thread/INFO] [net.minecraft.server.MinecraftServer/]: ThreadedAnvilChunkStorage (twilight_forest): All chunks are saved
[26Jun2025 01:14:55.555] [Server thread/INFO] [net.minecraft.server.MinecraftServer/]: ThreadedAnvilChunkStorage (DIM-1): All chunks are saved
[26Jun2025 01:14:55.555] [Server thread/INFO] [net.minecraft.server.MinecraftServer/]: ThreadedAnvilChunkStorage (spatial_storage): All chunks are saved
[26Jun2025 01:14:55.555] [Server thread/INFO] [net.minecraft.server.MinecraftServer/]: ThreadedAnvilChunkStorage: All dimensions are saved
[26Jun2025 01:14:55.627] [Server thread/INFO] [Framework/]: Unloading server configs...
[26Jun2025 01:14:55.628] [Server thread/INFO] [Framework/]: Sending config unload event for goblintraders-entities.toml
[26Jun2025 01:14:55.631] [Server thread/INFO] [Framework/]: Finished unloading server configs
